Arguments: 
  C:\Program Files\nodejs\node.exe C:\Users\Administrator\AppData\Roaming\npm\node_modules\yarn\bin\yarn.js init

PATH: 
  C:\Users\Administrator\bin;C:\Program Files\Git\mingw64\bin;C:\Program Files\Git\usr\local\bin;C:\Program Files\Git\usr\bin;C:\Program Files\Git\usr\bin;C:\Program Files\Git\mingw64\bin;C:\Program Files\Git\usr\bin;C:\Users\Administrator\bin;C:\Program Files (x86)\Common Files\NetSarang;C:\Windows\system32;C:\Windows;C:\Windows\System32\Wbem;C:\Windows\System32\WindowsPowerShell\v1.0;C:\Windows\System32\OpenSSH;C:\Program Files\nodejs;C:\Program Files\Git\cmd;C:\Program Files\TortoiseSVN\bin;C:\Users\Administrator\AppData\Roaming\npm;D:\software\微信web开发者工具\dll;C:\Program Files\MySQL\MySQL Server 8.0\bin;C:\Program Files\MySQL\MySQL Shell 8.0\bin;C:\Users\Administrator\AppData\Local\Microsoft\WindowsApps;C:\Users\Administrator\AppData\Roaming\npm;C:\Users\Administrator\AppData\Local\Programs\Microsoft VS Code\bin;C:\Program Files\nodejs;D:\software\nvim-win64\Neovim\bin;C:\Program Files\MySQL\MySQL Server 8.0\bin;C:\Program Files\Git\usr\bin\vendor_perl;C:\Program Files\Git\usr\bin\core_perl

Yarn version: 
  1.22.11

Node version: 
  14.18.1

Platform: 
  win32 x64

Trace: 
  Error: Can't answer a question unless a user TTY
      at ConsoleReporter.question (C:\Users\Administrator\AppData\Roaming\npm\node_modules\yarn\lib\cli.js:96815:59)
      at Object.<anonymous> (C:\Users\Administrator\AppData\Roaming\npm\node_modules\yarn\lib\cli.js:89088:38)
      at Generator.next (<anonymous>)
      at step (C:\Users\Administrator\AppData\Roaming\npm\node_modules\yarn\lib\cli.js:310:30)
      at C:\Users\Administrator\AppData\Roaming\npm\node_modules\yarn\lib\cli.js:321:13

npm manifest: 
  No manifest

yarn manifest: 
  No manifest

Lockfile: 
  No lockfile
